<?xml version="1.0" encoding="UTF-8"?>
<!-- Generated by org.testng.reporters.JUnitReportReporter -->
<testsuite skipped="0" hostname="DESKTOP-4JBAKI8" name="com.qualityarc.training.sandbox.Driver" tests="1" failures="0" timestamp="16 Nov 2018 23:41:44 GMT" time="5.717" errors="0">
  <testcase name="invokeApp" time="5.717" classname="com.qualityarc.training.sandbox.Driver"/>
</testsuite> <!-- com.qualityarc.training.sandbox.Driver -->
